
=== Fri Nov 26 22:08:27 2021

Packages were changed.
Update Mode: mergeDefaultDependencies

The following packages were added:
  com.unity.collab-proxy@1.9.0
  com.unity.ide.visualstudio@2.0.11
  com.unity.modules.ai@1.0.0
  com.unity.modules.cloth@1.0.0
  com.unity.modules.director@1.0.0
  com.unity.modules.physics2d@1.0.0
  com.unity.modules.terrain@1.0.0
  com.unity.modules.terrainphysics@1.0.0
  com.unity.modules.tilemap@1.0.0
  com.unity.modules.vehicles@1.0.0
  com.unity.modules.vr@1.0.0
  com.unity.modules.wind@1.0.0
  com.unity.modules.xr@1.0.0
  com.unity.timeline@1.5.6
  com.unity.visualscripting@1.6.1
The following packages were updated:
  com.unity.ide.rider from version 1.1.4 to 3.0.7
  com.unity.mobile.android-logcat from version 1.2.0 to 1.2.3
  com.unity.mobile.notifications from version 1.0.3 to 1.4.2
  com.unity.test-framework from version 1.1.20 to 1.1.29
  com.unity.textmeshpro from version 2.1.3 to 3.0.6

=== Sun Dec  5 11:18:39 2021

Packages were changed.
Update Mode: updateDependencies

The following packages were updated:
  com.unity.collab-proxy from version 1.9.0 to 1.15.4
  com.unity.ide.visualstudio from version 2.0.11 to 2.0.12
  com.unity.render-pipelines.high-definition from version 11.0.0 to 12.1.2
  com.unity.render-pipelines.universal from version 11.0.0 to 12.1.2
  com.unity.shadergraph from version 11.0.0 to 12.1.2
  com.unity.timeline from version 1.5.6 to 1.6.2
  com.unity.visualscripting from version 1.6.1 to 1.7.5
